TN:
SF:/usr/lib/gcc/x86_64-pc-linux-gnu/4.6.2/include/g++-v4/bits/basic_ios.h
FN:129,_ZNKSt9basic_iosIcSt11char_traitsIcEE7rdstateEv
FN:149,_ZNSt9basic_iosIcSt11char_traitsIcEE8setstateESt12_Ios_Iostate
FNDA:0,_ZNKSt9basic_iosIcSt11char_traitsIcEE7rdstateEv
FNDA:0,_ZNSt9basic_iosIcSt11char_traitsIcEE8setstateESt12_Ios_Iostate
FNF:2
FNH:0
DA:129,0
DA:130,0
DA:149,0
DA:150,0
LF:4
LH:0
end_of_record
SF:/usr/lib/gcc/x86_64-pc-linux-gnu/4.6.2/include/g++-v4/bits/char_traits.h
FN:260,_ZNSt11char_traitsIcE6lengthEPKc
FNDA:0,_ZNSt11char_traitsIcE6lengthEPKc
FNF:1
FNH:0
DA:260,0
DA:261,0
LF:2
LH:0
end_of_record
SF:/usr/lib/gcc/x86_64-pc-linux-gnu/4.6.2/include/g++-v4/bits/ios_base.h
FN:159,_ZStorSt12_Ios_IostateS_
FNDA:0,_ZStorSt12_Ios_IostateS_
FNF:1
FNH:0
DA:159,0
DA:160,0
LF:2
LH:0
end_of_record
SF:/usr/lib/gcc/x86_64-pc-linux-gnu/4.6.2/include/g++-v4/bits/locale_facets.h
FN:1076,_ZNKSt5ctypeIcE8do_widenEc
FN:1099,_ZNKSt5ctypeIcE8do_widenEPKcS2_Pc
FN:1125,_ZNKSt5ctypeIcE9do_narrowEcc
FN:1151,_ZNKSt5ctypeIcE9do_narrowEPKcS2_cPc
FNDA:0,_ZNKSt5ctypeIcE8do_widenEc
FNDA:0,_ZNKSt5ctypeIcE8do_widenEPKcS2_Pc
FNDA:0,_ZNKSt5ctypeIcE9do_narrowEcc
FNDA:0,_ZNKSt5ctypeIcE9do_narrowEPKcS2_cPc
FNF:4
FNH:0
DA:1076,0
DA:1077,0
DA:1099,0
DA:1101,0
DA:1102,0
DA:1125,0
DA:1126,0
DA:1151,0
DA:1154,0
DA:1155,0
LF:10
LH:0
end_of_record
SF:/usr/lib/gcc/x86_64-pc-linux-gnu/4.6.2/include/g++-v4/bits/stl_algobase.h
FN:210,_ZSt3maxImERKT_S2_S2_
FNDA:4,_ZSt3maxImERKT_S2_S2_
FNF:1
FNH:1
BRDA:215,0,0,4
BRDA:215,0,1,0
BRF:2
BRH:1
DA:210,4
DA:215,4
DA:216,4
DA:217,4
LF:4
LH:4
end_of_record
SF:/usr/lib/gcc/x86_64-pc-linux-gnu/4.6.2/include/g++-v4/iostream
DA:75,1
LF:1
LH:1
end_of_record
SF:/usr/lib/gcc/x86_64-pc-linux-gnu/4.6.2/include/g++-v4/istream
FN:183,_ZNSirsERj
FN:191,_ZNSirsERm
FNDA:0,_ZNSirsERj
FNDA:0,_ZNSirsERm
FNF:2
FNH:0
DA:183,0
DA:184,0
DA:191,0
DA:192,0
LF:4
LH:0
end_of_record
SF:/usr/lib/gcc/x86_64-pc-linux-gnu/4.6.2/include/g++-v4/ostream
FN:462,_ZStlsISt11char_traitsIcEERSt13basic_ostreamIcT_ES5_c
FN:510,_ZStlsISt11char_traitsIcEERSt13basic_ostreamIcT_ES5_PKc
FNDA:0,_ZStlsISt11char_traitsIcEERSt13basic_ostreamIcT_ES5_c
FNDA:0,_ZStlsISt11char_traitsIcEERSt13basic_ostreamIcT_ES5_PKc
FNF:2
FNH:0
BRDA:512,0,0,-
BRDA:512,0,1,-
BRF:2
BRH:0
DA:462,0
DA:463,0
DA:510,0
DA:512,0
DA:513,0
DA:515,0
DA:517,0
LF:7
LH:0
end_of_record
SF:/home/evil/Studia/Przedmioty/MP/J/coverage/satori.cxx
FN:87,_ZN12_GLOBAL__N_110QueueEntryC2Ev
FN:88,_ZN12_GLOBAL__N_110QueueEntryC2Ejb
FN:97,_ZN12_GLOBAL__N_14EdgeC2EjbPS0_
FN:105,_ZN12_GLOBAL__N_16VertexC2Ev
FN:107,_ZN12_GLOBAL__N_16VertexD2Ev
FN:120,_ZN12_GLOBAL__N_1L8tryRelaxEmRKNS_4EdgeE
FN:133,_ZN12_GLOBAL__N_1L8solutionEv
FN:184,main
FN:195,_Z41__static_initialization_and_destruction_0ii
FN:195,_GLOBAL__sub_I_main
FNDA:20,_ZN12_GLOBAL__N_110QueueEntryC2Ev
FNDA:24,_ZN12_GLOBAL__N_110QueueEntryC2Ejb
FNDA:40,_ZN12_GLOBAL__N_14EdgeC2EjbPS0_
FNDA:18,_ZN12_GLOBAL__N_16VertexC2Ev
FNDA:9,_ZN12_GLOBAL__N_16VertexD2Ev
FNDA:52,_ZN12_GLOBAL__N_1L8tryRelaxEmRKNS_4EdgeE
FNDA:1,_ZN12_GLOBAL__N_1L8solutionEv
FNDA:1,main
FNDA:1,_GLOBAL__sub_I_main
FNDA:1,_Z41__static_initialization_and_destruction_0ii
FNF:10
FNH:10
BRDA:108,1,0,20
BRDA:108,1,1,9
BRDA:122,0,0,12
BRDA:122,0,1,40
BRDA:123,0,0,6
BRDA:123,0,1,6
BRDA:125,0,0,14
BRDA:125,0,1,26
BRDA:125,3,2,4
BRDA:125,3,3,36
BRDA:126,0,0,0
BRDA:126,0,1,4
BRDA:137,0,0,2
BRDA:137,0,1,1
BRDA:139,9999,0,1
BRDA:139,9999,1,1
BRDA:140,0,0,1
BRDA:140,0,1,1
BRDA:140,2,2,9
BRDA:140,2,3,1
BRDA:141,2,3,20
BRDA:141,2,4,2
BRDA:143,1,2,18
BRDA:143,1,3,2
BRDA:144,1,0,20
BRDA:144,1,1,2
BRDA:154,0,1,0
BRDA:154,0,2,2
BRDA:155,1,0,24
BRDA:155,1,1,2
BRDA:157,0,0,2
BRDA:157,0,1,22
BRDA:159,0,0,6
BRDA:159,0,1,18
BRDA:160,0,1,0
BRDA:160,0,2,6
BRDA:161,0,0,0
BRDA:161,0,1,6
BRDA:165,2,0,52
BRDA:165,2,1,18
BRDA:166,0,1,16
BRDA:166,0,2,36
BRDA:167,0,1,0
BRDA:167,0,2,16
BRDA:168,0,0,2
BRDA:168,0,1,14
BRDA:174,2,0,16
BRDA:174,2,1,2
BRDA:175,0,0,14
BRDA:175,0,1,2
BRDA:195,1,1,1
BRDA:195,1,2,0
BRDA:195,2,3,1
BRDA:195,2,4,0
BRF:54
BRH:47
DA:87,20
DA:88,24
DA:89,24
DA:97,40
DA:98,40
DA:105,18
DA:107,9
DA:108,29
DA:109,20
DA:110,20
DA:111,20
DA:112,20
DA:114,9
DA:120,52
DA:122,52
DA:123,12
DA:124,12
DA:125,40
DA:126,4
DA:127,4
DA:129,52
DA:133,1
DA:136,1
DA:137,3
DA:138,2
DA:139,2
DA:140,11
DA:141,22
DA:142,2
DA:143,20
DA:144,22
DA:147,20
DA:148,20
DA:149,20
DA:150,20
DA:151,20
DA:153,2
DA:154,2
DA:155,26
DA:156,24
DA:157,24
DA:158,2
DA:159,24
DA:160,6
DA:161,6
DA:162,0
DA:163,6
DA:165,70
DA:166,52
DA:167,16
DA:168,16
DA:169,2
DA:174,18
DA:175,16
DA:176,14
DA:178,2
DA:180,1
DA:184,1
DA:186,1
DA:193,1
DA:194,1
DA:195,3
LF:62
LH:61
end_of_record
