TN:
SF:/usr/lib/gcc/x86_64-pc-linux-gnu/4.6.2/include/g++-v4/bits/basic_ios.h
FN:129,_ZNKSt9basic_iosIcSt11char_traitsIcEE7rdstateEv
FN:149,_ZNSt9basic_iosIcSt11char_traitsIcEE8setstateESt12_Ios_Iostate
FNDA:0,_ZNKSt9basic_iosIcSt11char_traitsIcEE7rdstateEv
FNDA:0,_ZNSt9basic_iosIcSt11char_traitsIcEE8setstateESt12_Ios_Iostate
FNF:2
FNH:0
DA:129,0
DA:130,0
DA:149,0
DA:150,0
LF:4
LH:0
end_of_record
SF:/usr/lib/gcc/x86_64-pc-linux-gnu/4.6.2/include/g++-v4/bits/char_traits.h
FN:260,_ZNSt11char_traitsIcE6lengthEPKc
FNDA:0,_ZNSt11char_traitsIcE6lengthEPKc
FNF:1
FNH:0
DA:260,0
DA:261,0
LF:2
LH:0
end_of_record
SF:/usr/lib/gcc/x86_64-pc-linux-gnu/4.6.2/include/g++-v4/bits/ios_base.h
FN:159,_ZStorSt12_Ios_IostateS_
FNDA:0,_ZStorSt12_Ios_IostateS_
FNF:1
FNH:0
DA:159,0
DA:160,0
LF:2
LH:0
end_of_record
SF:/usr/lib/gcc/x86_64-pc-linux-gnu/4.6.2/include/g++-v4/bits/locale_facets.h
FN:1076,_ZNKSt5ctypeIcE8do_widenEc
FN:1099,_ZNKSt5ctypeIcE8do_widenEPKcS2_Pc
FN:1125,_ZNKSt5ctypeIcE9do_narrowEcc
FN:1151,_ZNKSt5ctypeIcE9do_narrowEPKcS2_cPc
FNDA:0,_ZNKSt5ctypeIcE8do_widenEc
FNDA:0,_ZNKSt5ctypeIcE8do_widenEPKcS2_Pc
FNDA:0,_ZNKSt5ctypeIcE9do_narrowEcc
FNDA:0,_ZNKSt5ctypeIcE9do_narrowEPKcS2_cPc
FNF:4
FNH:0
DA:1076,0
DA:1077,0
DA:1099,0
DA:1101,0
DA:1102,0
DA:1125,0
DA:1126,0
DA:1151,0
DA:1154,0
DA:1155,0
LF:10
LH:0
end_of_record
SF:/usr/lib/gcc/x86_64-pc-linux-gnu/4.6.2/include/g++-v4/bits/stl_pair.h
FN:103,_ZNSt4pairIPN12_GLOBAL__N_15EntryES2_EC2ERKS2_S5_
FN:272,_ZSt9make_pairIPN12_GLOBAL__N_15EntryES2_ESt4pairIT_T0_ES4_S5_
FNDA:14,_ZNSt4pairIPN12_GLOBAL__N_15EntryES2_EC2ERKS2_S5_
FNDA:14,_ZSt9make_pairIPN12_GLOBAL__N_15EntryES2_ESt4pairIT_T0_ES4_S5_
FNF:2
FNH:2
DA:103,14
DA:104,14
DA:272,14
DA:273,14
LF:4
LH:4
end_of_record
SF:/usr/lib/gcc/x86_64-pc-linux-gnu/4.6.2/include/g++-v4/iostream
DA:75,1
LF:1
LH:1
end_of_record
SF:/usr/lib/gcc/x86_64-pc-linux-gnu/4.6.2/include/g++-v4/istream
FN:191,_ZNSirsERm
FNDA:0,_ZNSirsERm
FNF:1
FNH:0
DA:191,0
DA:192,0
LF:2
LH:0
end_of_record
SF:/usr/lib/gcc/x86_64-pc-linux-gnu/4.6.2/include/g++-v4/ostream
FN:462,_ZStlsISt11char_traitsIcEERSt13basic_ostreamIcT_ES5_c
FN:510,_ZStlsISt11char_traitsIcEERSt13basic_ostreamIcT_ES5_PKc
FNDA:0,_ZStlsISt11char_traitsIcEERSt13basic_ostreamIcT_ES5_c
FNDA:0,_ZStlsISt11char_traitsIcEERSt13basic_ostreamIcT_ES5_PKc
FNF:2
FNH:0
BRDA:512,0,0,-
BRDA:512,0,1,-
BRF:2
BRH:0
DA:462,0
DA:463,0
DA:510,0
DA:512,0
DA:513,0
DA:515,0
DA:517,0
LF:7
LH:0
end_of_record
SF:/home/evil/Studia/Przedmioty/MP/H/coverage/satori.cxx
FN:85,_ZN12_GLOBAL__N_15EntryC2Ev
FN:86,_ZN12_GLOBAL__N_15EntryC2EPKci
FN:106,_ZN12_GLOBAL__N_1L5hash1EPKc
FN:114,_ZN12_GLOBAL__N_1L5hash2EPKc
FN:122,_ZN12_GLOBAL__N_1L14iterateInTableEjj
FN:127,_ZN12_GLOBAL__N_1L16insert_uncheckedERKNS_5EntryE
FN:145,_ZN12_GLOBAL__N_1L6resizeEv
FN:163,_ZN12_GLOBAL__N_1L9checkSizeEv
FN:173,_ZN12_GLOBAL__N_1L6insertERKNS_5EntryE
FN:179,_ZN12_GLOBAL__N_1L4findEPKc
FN:196,_ZN12_GLOBAL__N_1L9deleteKeyEPKc
FN:213,_ZN12_GLOBAL__N_1L5clearEv
FN:222,_ZN12_GLOBAL__N_1L8solutionEv
FN:273,main
FN:284,_Z41__static_initialization_and_destruction_0ii
FN:284,_GLOBAL__sub_I_main
FNDA:1009,_ZN12_GLOBAL__N_15EntryC2Ev
FNDA:23,_ZN12_GLOBAL__N_15EntryC2EPKci
FNDA:23,_ZN12_GLOBAL__N_1L5hash1EPKc
FNDA:23,_ZN12_GLOBAL__N_1L5hash2EPKc
FNDA:1,_ZN12_GLOBAL__N_1L14iterateInTableEjj
FNDA:6,_ZN12_GLOBAL__N_1L16insert_uncheckedERKNS_5EntryE
FNDA:0,_ZN12_GLOBAL__N_1L6resizeEv
FNDA:9,_ZN12_GLOBAL__N_1L9checkSizeEv
FNDA:6,_ZN12_GLOBAL__N_1L6insertERKNS_5EntryE
FNDA:14,_ZN12_GLOBAL__N_1L4findEPKc
FNDA:3,_ZN12_GLOBAL__N_1L9deleteKeyEPKc
FNDA:1,_ZN12_GLOBAL__N_1L5clearEv
FNDA:1,_ZN12_GLOBAL__N_1L8solutionEv
FNDA:1,main
FNDA:1,_GLOBAL__sub_I_main
FNDA:1,_Z41__static_initialization_and_destruction_0ii
FNF:16
FNH:15
BRDA:109,2,0,184
BRDA:109,2,1,23
BRDA:117,2,0,184
BRDA:117,2,1,23
BRDA:133,0,0,6
BRDA:133,0,1,0
BRDA:134,0,0,0
BRDA:134,0,1,6
BRDA:137,0,0,-
BRDA:137,0,1,-
BRDA:138,0,0,-
BRDA:138,0,1,-
BRDA:148,2,2,-
BRDA:148,2,3,-
BRDA:155,2,0,-
BRDA:155,2,1,-
BRDA:156,0,0,-
BRDA:156,0,1,-
BRDA:156,1,2,-
BRDA:156,1,3,-
BRDA:159,0,0,-
BRDA:159,0,1,-
BRDA:165,0,0,0
BRDA:165,0,1,9
BRDA:169,0,0,0
BRDA:169,0,1,9
BRDA:186,0,0,14
BRDA:186,0,1,1
BRDA:186,1,2,1
BRDA:186,1,3,13
BRDA:188,0,0,7
BRDA:188,0,1,7
BRDA:191,0,0,7
BRDA:191,0,1,1
BRDA:203,0,0,2
BRDA:203,0,1,1
BRDA:208,0,0,1
BRDA:208,0,1,0
BRDA:217,2,0,1009
BRDA:217,2,1,1
BRDA:226,2,2,1009
BRDA:226,2,3,1
BRDA:231,0,0,1
BRDA:231,0,1,1
BRDA:238,0,0,17
BRDA:238,0,1,1
BRDA:240,9999,0,8
BRDA:240,9999,1,9
BRDA:243,9999,0,2
BRDA:243,9999,1,6
BRDA:246,0,0,6
BRDA:246,0,1,0
BRDA:253,0,0,3
BRDA:253,0,1,6
BRDA:255,9999,0,2
BRDA:255,9999,1,1
BRDA:262,9999,0,5
BRDA:262,9999,1,1
BRDA:284,1,1,1
BRDA:284,1,2,0
BRDA:284,2,3,1
BRDA:284,2,4,0
BRF:62
BRH:40
DA:85,1009
DA:86,23
DA:87,23
DA:88,23
DA:89,23
DA:90,23
DA:91,23
DA:92,23
DA:93,23
DA:94,23
DA:95,23
DA:106,23
DA:108,23
DA:109,207
DA:110,184
DA:111,23
DA:114,23
DA:116,23
DA:117,207
DA:118,184
DA:119,23
DA:122,1
DA:124,1
DA:127,6
DA:129,6
DA:130,6
DA:132,0
DA:133,6
DA:134,6
DA:135,6
DA:136,6
DA:137,0
DA:138,0
DA:139,0
DA:140,0
DA:143,6
DA:145,0
DA:147,0
DA:148,0
DA:149,0
DA:150,0
DA:151,0
DA:152,0
DA:153,0
DA:154,0
DA:155,0
DA:156,0
DA:157,0
DA:159,0
DA:161,0
DA:163,9
DA:165,9
DA:166,0
DA:167,0
DA:169,9
DA:170,0
DA:171,9
DA:173,6
DA:175,6
DA:176,6
DA:177,6
DA:179,14
DA:181,14
DA:182,14
DA:183,29
DA:185,1
DA:186,15
DA:187,1
DA:188,14
DA:189,7
DA:191,8
DA:192,7
DA:196,3
DA:198,3
DA:199,3
DA:200,6
DA:202,0
DA:203,3
DA:204,2
DA:205,2
DA:206,2
DA:208,1
DA:209,1
DA:213,1
DA:215,1
DA:216,1
DA:217,1010
DA:218,1009
DA:219,1
DA:222,1
DA:224,1
DA:225,1
DA:226,1010
DA:227,1
DA:228,1
DA:230,1
DA:231,2
DA:232,1
DA:234,1
DA:238,18
DA:239,17
DA:240,17
DA:241,8
DA:242,8
DA:243,8
DA:244,2
DA:246,6
DA:247,6
DA:249,0
DA:250,0
DA:253,9
DA:254,3
DA:255,3
DA:256,2
DA:258,1
DA:261,6
DA:262,6
DA:263,5
DA:265,1
DA:269,1
DA:273,1
DA:275,1
DA:282,1
DA:283,1
DA:284,3
LF:125
LH:100
end_of_record
