TN:
SF:/usr/lib/gcc/x86_64-pc-linux-gnu/4.6.2/include/g++-v4/bits/basic_ios.h
FN:129,_ZNKSt9basic_iosIcSt11char_traitsIcEE7rdstateEv
FN:149,_ZNSt9basic_iosIcSt11char_traitsIcEE8setstateESt12_Ios_Iostate
FNDA:0,_ZNKSt9basic_iosIcSt11char_traitsIcEE7rdstateEv
FNDA:0,_ZNSt9basic_iosIcSt11char_traitsIcEE8setstateESt12_Ios_Iostate
FNF:2
FNH:0
DA:129,0
DA:130,0
DA:149,0
DA:150,0
LF:4
LH:0
end_of_record
SF:/usr/lib/gcc/x86_64-pc-linux-gnu/4.6.2/include/g++-v4/bits/char_traits.h
FN:260,_ZNSt11char_traitsIcE6lengthEPKc
FNDA:0,_ZNSt11char_traitsIcE6lengthEPKc
FNF:1
FNH:0
DA:260,0
DA:261,0
LF:2
LH:0
end_of_record
SF:/usr/lib/gcc/x86_64-pc-linux-gnu/4.6.2/include/g++-v4/bits/ios_base.h
FN:159,_ZStorSt12_Ios_IostateS_
FNDA:0,_ZStorSt12_Ios_IostateS_
FNF:1
FNH:0
DA:159,0
DA:160,0
LF:2
LH:0
end_of_record
SF:/usr/lib/gcc/x86_64-pc-linux-gnu/4.6.2/include/g++-v4/bits/locale_facets.h
FN:1076,_ZNKSt5ctypeIcE8do_widenEc
FN:1099,_ZNKSt5ctypeIcE8do_widenEPKcS2_Pc
FN:1125,_ZNKSt5ctypeIcE9do_narrowEcc
FN:1151,_ZNKSt5ctypeIcE9do_narrowEPKcS2_cPc
FNDA:0,_ZNKSt5ctypeIcE8do_widenEc
FNDA:0,_ZNKSt5ctypeIcE8do_widenEPKcS2_Pc
FNDA:0,_ZNKSt5ctypeIcE9do_narrowEcc
FNDA:0,_ZNKSt5ctypeIcE9do_narrowEPKcS2_cPc
FNF:4
FNH:0
DA:1076,0
DA:1077,0
DA:1099,0
DA:1101,0
DA:1102,0
DA:1125,0
DA:1126,0
DA:1151,0
DA:1154,0
DA:1155,0
LF:10
LH:0
end_of_record
SF:/usr/lib/gcc/x86_64-pc-linux-gnu/4.6.2/include/g++-v4/bits/stl_pair.h
FN:103,_ZNSt4pairIPN12_GLOBAL__N_15EntryES2_EC2ERKS2_S5_
FN:272,_ZSt9make_pairIPN12_GLOBAL__N_15EntryES2_ESt4pairIT_T0_ES4_S5_
FNDA:14,_ZNSt4pairIPN12_GLOBAL__N_15EntryES2_EC2ERKS2_S5_
FNDA:14,_ZSt9make_pairIPN12_GLOBAL__N_15EntryES2_ESt4pairIT_T0_ES4_S5_
FNF:2
FNH:2
DA:103,14
DA:104,14
DA:272,14
DA:273,14
LF:4
LH:4
end_of_record
SF:/usr/lib/gcc/x86_64-pc-linux-gnu/4.6.2/include/g++-v4/iostream
DA:75,1
LF:1
LH:1
end_of_record
SF:/usr/lib/gcc/x86_64-pc-linux-gnu/4.6.2/include/g++-v4/istream
FN:191,_ZNSirsERm
FNDA:0,_ZNSirsERm
FNF:1
FNH:0
DA:191,0
DA:192,0
LF:2
LH:0
end_of_record
SF:/usr/lib/gcc/x86_64-pc-linux-gnu/4.6.2/include/g++-v4/ostream
FN:462,_ZStlsISt11char_traitsIcEERSt13basic_ostreamIcT_ES5_c
FN:510,_ZStlsISt11char_traitsIcEERSt13basic_ostreamIcT_ES5_PKc
FNDA:0,_ZStlsISt11char_traitsIcEERSt13basic_ostreamIcT_ES5_c
FNDA:0,_ZStlsISt11char_traitsIcEERSt13basic_ostreamIcT_ES5_PKc
FNF:2
FNH:0
BRDA:512,0,0,-
BRDA:512,0,1,-
BRF:2
BRH:0
DA:462,0
DA:463,0
DA:510,0
DA:512,0
DA:513,0
DA:515,0
DA:517,0
LF:7
LH:0
end_of_record
SF:/home/evil/Studia/Przedmioty/MP/H/coverage/satori.cxx
FN:82,_ZN12_GLOBAL__N_15EntryC2Ev
FN:83,_ZN12_GLOBAL__N_15EntryC2Emi
FN:92,_ZN12_GLOBAL__N_18asNumberEPKc
FN:100,_ZN12_GLOBAL__N_1L5hash1Emm
FN:105,_ZN12_GLOBAL__N_1L5hash2Emm
FN:110,_ZN12_GLOBAL__N_1L16insert_uncheckedERKNS_5EntryE
FN:128,_ZN12_GLOBAL__N_1L6resizeEj
FN:149,_ZN12_GLOBAL__N_1L9checkSizeEv
FN:157,_ZN12_GLOBAL__N_1L6insertERKNS_5EntryE
FN:163,_ZN12_GLOBAL__N_1L4findEm
FN:179,_ZN12_GLOBAL__N_1L9deleteKeyEm
FN:195,_ZN12_GLOBAL__N_1L5clearEv
FN:204,_ZN12_GLOBAL__N_1L8solutionEv
FN:257,main
FN:268,_Z41__static_initialization_and_destruction_0ii
FN:268,_GLOBAL__sub_I_main
FNDA:1024,_ZN12_GLOBAL__N_15EntryC2Ev
FNDA:6,_ZN12_GLOBAL__N_15EntryC2Emi
FNDA:23,_ZN12_GLOBAL__N_18asNumberEPKc
FNDA:23,_ZN12_GLOBAL__N_1L5hash1Emm
FNDA:23,_ZN12_GLOBAL__N_1L5hash2Emm
FNDA:6,_ZN12_GLOBAL__N_1L16insert_uncheckedERKNS_5EntryE
FNDA:0,_ZN12_GLOBAL__N_1L6resizeEj
FNDA:9,_ZN12_GLOBAL__N_1L9checkSizeEv
FNDA:6,_ZN12_GLOBAL__N_1L6insertERKNS_5EntryE
FNDA:14,_ZN12_GLOBAL__N_1L4findEm
FNDA:3,_ZN12_GLOBAL__N_1L9deleteKeyEm
FNDA:1,_ZN12_GLOBAL__N_1L5clearEv
FNDA:1,_ZN12_GLOBAL__N_1L8solutionEv
FNDA:1,main
FNDA:1,_GLOBAL__sub_I_main
FNDA:1,_Z41__static_initialization_and_destruction_0ii
FNF:16
FNH:15
BRDA:116,0,0,6
BRDA:116,0,1,3
BRDA:117,0,0,0
BRDA:117,0,1,6
BRDA:120,0,0,0
BRDA:120,0,1,3
BRDA:121,0,0,-
BRDA:121,0,1,-
BRDA:133,2,2,-
BRDA:133,2,3,-
BRDA:141,2,0,-
BRDA:141,2,1,-
BRDA:142,0,0,-
BRDA:142,0,1,-
BRDA:142,1,2,-
BRDA:142,1,3,-
BRDA:145,0,0,-
BRDA:145,0,1,-
BRDA:151,0,0,0
BRDA:151,0,1,9
BRDA:153,0,0,0
BRDA:153,0,1,9
BRDA:169,0,0,21
BRDA:169,0,1,1
BRDA:169,1,2,1
BRDA:169,1,3,20
BRDA:171,0,0,7
BRDA:171,0,1,14
BRDA:174,0,0,7
BRDA:174,0,1,8
BRDA:185,0,0,2
BRDA:185,0,1,2
BRDA:190,0,0,1
BRDA:190,0,1,1
BRDA:199,2,0,1024
BRDA:199,2,1,1
BRDA:208,2,2,1024
BRDA:208,2,3,1
BRDA:215,0,0,1
BRDA:215,0,1,1
BRDA:222,0,0,17
BRDA:222,0,1,1
BRDA:224,9999,0,8
BRDA:224,9999,1,9
BRDA:227,9999,0,2
BRDA:227,9999,1,6
BRDA:230,0,0,6
BRDA:230,0,1,0
BRDA:237,0,0,3
BRDA:237,0,1,6
BRDA:239,9999,0,2
BRDA:239,9999,1,1
BRDA:246,9999,0,5
BRDA:246,9999,1,1
BRDA:268,1,1,1
BRDA:268,1,2,0
BRDA:268,2,3,1
BRDA:268,2,4,0
BRF:58
BRH:39
DA:82,1024
DA:83,6
DA:92,23
DA:94,23
DA:100,23
DA:102,23
DA:105,23
DA:107,23
DA:110,6
DA:112,9
DA:113,6
DA:116,9
DA:117,6
DA:118,6
DA:119,6
DA:120,3
DA:121,0
DA:122,0
DA:123,0
DA:126,6
DA:128,0
DA:133,0
DA:134,0
DA:135,0
DA:136,0
DA:137,0
DA:138,0
DA:139,0
DA:140,0
DA:141,0
DA:142,0
DA:143,0
DA:145,0
DA:147,0
DA:149,9
DA:151,9
DA:152,0
DA:153,9
DA:154,0
DA:155,9
DA:157,6
DA:159,6
DA:160,6
DA:161,6
DA:163,14
DA:165,14
DA:166,36
DA:169,22
DA:170,1
DA:171,21
DA:172,7
DA:174,15
DA:175,7
DA:179,3
DA:181,3
DA:182,7
DA:185,4
DA:186,2
DA:187,2
DA:188,2
DA:190,2
DA:191,1
DA:195,1
DA:197,1
DA:198,1
DA:199,1025
DA:200,1024
DA:201,1
DA:204,1
DA:207,1
DA:208,1025
DA:209,1
DA:210,1
DA:212,1
DA:214,1
DA:215,2
DA:216,1
DA:218,1
DA:222,18
DA:223,17
DA:224,17
DA:225,8
DA:226,8
DA:227,8
DA:228,2
DA:230,6
DA:231,6
DA:233,0
DA:234,0
DA:237,9
DA:238,3
DA:239,3
DA:240,2
DA:242,1
DA:245,6
DA:246,6
DA:247,5
DA:249,1
DA:253,1
DA:257,1
DA:259,1
DA:266,1
DA:267,1
DA:268,3
LF:104
LH:83
end_of_record
