TN:
SF:/usr/lib/gcc/x86_64-pc-linux-gnu/4.6.2/include/g++-v4/bits/basic_ios.h
FN:129,_ZNKSt9basic_iosIcSt11char_traitsIcEE7rdstateEv
FN:149,_ZNSt9basic_iosIcSt11char_traitsIcEE8setstateESt12_Ios_Iostate
FNDA:0,_ZNKSt9basic_iosIcSt11char_traitsIcEE7rdstateEv
FNDA:0,_ZNSt9basic_iosIcSt11char_traitsIcEE8setstateESt12_Ios_Iostate
FNF:2
FNH:0
DA:129,0
DA:130,0
DA:149,0
DA:150,0
LF:4
LH:0
end_of_record
SF:/usr/lib/gcc/x86_64-pc-linux-gnu/4.6.2/include/g++-v4/bits/char_traits.h
FN:260,_ZNSt11char_traitsIcE6lengthEPKc
FNDA:0,_ZNSt11char_traitsIcE6lengthEPKc
FNF:1
FNH:0
DA:260,0
DA:261,0
LF:2
LH:0
end_of_record
SF:/usr/lib/gcc/x86_64-pc-linux-gnu/4.6.2/include/g++-v4/bits/ios_base.h
FN:159,_ZStorSt12_Ios_IostateS_
FNDA:0,_ZStorSt12_Ios_IostateS_
FNF:1
FNH:0
DA:159,0
DA:160,0
LF:2
LH:0
end_of_record
SF:/usr/lib/gcc/x86_64-pc-linux-gnu/4.6.2/include/g++-v4/bits/locale_facets.h
FN:1076,_ZNKSt5ctypeIcE8do_widenEc
FN:1099,_ZNKSt5ctypeIcE8do_widenEPKcS2_Pc
FN:1125,_ZNKSt5ctypeIcE9do_narrowEcc
FN:1151,_ZNKSt5ctypeIcE9do_narrowEPKcS2_cPc
FNDA:0,_ZNKSt5ctypeIcE8do_widenEc
FNDA:0,_ZNKSt5ctypeIcE8do_widenEPKcS2_Pc
FNDA:0,_ZNKSt5ctypeIcE9do_narrowEcc
FNDA:0,_ZNKSt5ctypeIcE9do_narrowEPKcS2_cPc
FNF:4
FNH:0
DA:1076,0
DA:1077,0
DA:1099,0
DA:1101,0
DA:1102,0
DA:1125,0
DA:1126,0
DA:1151,0
DA:1154,0
DA:1155,0
LF:10
LH:0
end_of_record
SF:/usr/lib/gcc/x86_64-pc-linux-gnu/4.6.2/include/g++-v4/iostream
DA:75,1
LF:1
LH:1
end_of_record
SF:/usr/lib/gcc/x86_64-pc-linux-gnu/4.6.2/include/g++-v4/istream
FN:176,_ZNSirsERt
FN:183,_ZNSirsERj
FN:191,_ZNSirsERm
FNDA:0,_ZNSirsERt
FNDA:0,_ZNSirsERj
FNDA:0,_ZNSirsERm
FNF:3
FNH:0
DA:176,0
DA:177,0
DA:183,0
DA:184,0
DA:191,0
DA:192,0
LF:6
LH:0
end_of_record
SF:/usr/lib/gcc/x86_64-pc-linux-gnu/4.6.2/include/g++-v4/limits
FN:997,_ZNSt14numeric_limitsIiE3maxEv
FNDA:4,_ZNSt14numeric_limitsIiE3maxEv
FNF:1
FNH:1
DA:997,4
LF:1
LH:1
end_of_record
SF:/usr/lib/gcc/x86_64-pc-linux-gnu/4.6.2/include/g++-v4/ostream
FN:167,_ZNSolsEl
FN:193,_ZNSolsEj
FN:462,_ZStlsISt11char_traitsIcEERSt13basic_ostreamIcT_ES5_c
FN:510,_ZStlsISt11char_traitsIcEERSt13basic_ostreamIcT_ES5_PKc
FNDA:0,_ZNSolsEl
FNDA:0,_ZNSolsEj
FNDA:0,_ZStlsISt11char_traitsIcEERSt13basic_ostreamIcT_ES5_c
FNDA:0,_ZStlsISt11char_traitsIcEERSt13basic_ostreamIcT_ES5_PKc
FNF:4
FNH:0
BRDA:512,0,0,-
BRDA:512,0,1,-
BRF:2
BRH:0
DA:167,0
DA:168,0
DA:193,0
DA:197,0
DA:462,0
DA:463,0
DA:510,0
DA:512,0
DA:513,0
DA:515,0
DA:517,0
LF:11
LH:0
end_of_record
SF:/home/evil/Studia/Przedmioty/MP/L/coverage/satori.cxx
FN:93,_ZN12_GLOBAL__N_14EdgeC2Ev
FN:94,_ZN12_GLOBAL__N_14EdgeC2Ejjtt
FN:105,_ZN12_GLOBAL__N_1L6travelEjj
FN:126,_ZN12_GLOBAL__N_1L8solutionEv
FN:196,main
FN:207,_Z41__static_initialization_and_destruction_0ii
FN:207,_GLOBAL__sub_I_main
FNDA:251,_ZN12_GLOBAL__N_14EdgeC2Ev
FNDA:246,_ZN12_GLOBAL__N_14EdgeC2Ejjtt
FNDA:238,_ZN12_GLOBAL__N_1L6travelEjj
FNDA:1,_ZN12_GLOBAL__N_1L8solutionEv
FNDA:1,main
FNDA:1,_GLOBAL__sub_I_main
FNDA:1,_Z41__static_initialization_and_destruction_0ii
FNF:7
FNH:7
BRDA:111,0,0,187
BRDA:111,0,1,285
BRDA:114,1,0,476
BRDA:114,1,1,51
BRDA:114,2,2,242
BRDA:114,2,3,234
BRDA:114,5,4,242
BRDA:114,5,5,285
BRDA:115,0,0,51
BRDA:115,0,1,234
BRDA:120,0,0,132
BRDA:120,0,1,102
BRDA:130,0,0,5
BRDA:130,0,1,1
BRDA:133,9999,0,4
BRDA:133,9999,1,1
BRDA:136,9999,0,4
BRDA:136,9999,1,1
BRDA:139,9999,0,4
BRDA:139,9999,1,1
BRDA:140,0,0,4
BRDA:140,0,1,1
BRDA:142,1,2,251
BRDA:142,1,3,5
BRDA:145,0,0,4
BRDA:145,0,1,1
BRDA:147,0,0,246
BRDA:147,0,1,5
BRDA:158,0,0,4
BRDA:158,0,1,1
BRDA:164,1,0,238
BRDA:164,1,1,4
BRDA:167,0,0,26
BRDA:167,0,1,212
BRDA:176,9999,0,2
BRDA:176,9999,1,2
BRDA:176,0,2,1
BRDA:176,0,3,1
BRDA:183,1,0,234
BRDA:183,1,1,4
BRDA:207,1,1,1
BRDA:207,1,2,0
BRDA:207,2,3,1
BRDA:207,2,4,0
BRF:44
BRH:42
DA:93,251
DA:94,246
DA:95,246
DA:105,238
DA:109,238
DA:110,234
DA:111,472
DA:112,187
DA:114,527
DA:115,285
DA:116,51
DA:118,234
DA:119,132
DA:120,234
DA:121,234
DA:123,238
DA:124,238
DA:126,1
DA:129,1
DA:130,6
DA:132,5
DA:133,5
DA:134,5
DA:135,5
DA:136,5
DA:137,5
DA:138,5
DA:139,5
DA:140,5
DA:141,5
DA:142,256
DA:143,5
DA:144,5
DA:145,5
DA:146,5
DA:147,251
DA:150,246
DA:151,246
DA:152,246
DA:153,246
DA:154,246
DA:155,246
DA:157,5
DA:158,5
DA:159,4
DA:160,4
DA:161,4
DA:162,4
DA:163,4
DA:164,242
DA:165,476
DA:166,476
DA:167,238
DA:168,26
DA:169,26
DA:171,238
DA:173,4
DA:174,4
DA:175,4
DA:176,4
DA:177,4
DA:178,3
DA:180,1
DA:182,4
DA:183,238
DA:184,234
DA:185,234
DA:186,234
DA:189,1
DA:192,1
DA:196,1
DA:198,1
DA:205,1
DA:206,1
DA:207,3
LF:75
LH:75
end_of_record
