TN:
SF:/usr/lib/gcc/x86_64-pc-linux-gnu/4.6.2/include/g++-v4/bits/locale_facets.h
FN:1076,_ZNKSt5ctypeIcE8do_widenEc
FN:1099,_ZNKSt5ctypeIcE8do_widenEPKcS2_Pc
FN:1125,_ZNKSt5ctypeIcE9do_narrowEcc
FN:1151,_ZNKSt5ctypeIcE9do_narrowEPKcS2_cPc
FNDA:0,_ZNKSt5ctypeIcE8do_widenEc
FNDA:0,_ZNKSt5ctypeIcE8do_widenEPKcS2_Pc
FNDA:0,_ZNKSt5ctypeIcE9do_narrowEcc
FNDA:0,_ZNKSt5ctypeIcE9do_narrowEPKcS2_cPc
FNF:4
FNH:0
DA:1076,0
DA:1077,0
DA:1099,0
DA:1101,0
DA:1102,0
DA:1125,0
DA:1126,0
DA:1151,0
DA:1154,0
DA:1155,0
LF:10
LH:0
end_of_record
SF:/usr/lib/gcc/x86_64-pc-linux-gnu/4.6.2/include/g++-v4/iostream
DA:75,1
LF:1
LH:1
end_of_record
SF:/usr/lib/gcc/x86_64-pc-linux-gnu/4.6.2/include/g++-v4/istream
FN:191,_ZNSirsERm
FNDA:0,_ZNSirsERm
FNF:1
FNH:0
DA:191,0
DA:192,0
LF:2
LH:0
end_of_record
SF:/usr/lib/gcc/x86_64-pc-linux-gnu/4.6.2/include/g++-v4/limits
FN:1133,_ZNSt14numeric_limitsIlE3maxEv
FNDA:8,_ZNSt14numeric_limitsIlE3maxEv
FNF:1
FNH:1
DA:1133,8
LF:1
LH:1
end_of_record
SF:/usr/lib/gcc/x86_64-pc-linux-gnu/4.6.2/include/g++-v4/ostream
FN:462,_ZStlsISt11char_traitsIcEERSt13basic_ostreamIcT_ES5_c
FNDA:0,_ZStlsISt11char_traitsIcEERSt13basic_ostreamIcT_ES5_c
FNF:1
FNH:0
DA:462,0
DA:463,0
LF:2
LH:0
end_of_record
SF:/home/evil/Studia/Przedmioty/MP/I/coverage/satori.cxx
FN:84,_ZN12_GLOBAL__N_111CoordinatesC2Ev
FN:85,_ZN12_GLOBAL__N_111CoordinatesC2Ett
FN:93,_ZN12_GLOBAL__N_1L9needVisitEmm
FN:101,_ZN12_GLOBAL__N_1L12canWeakVisitEmm
FN:109,_ZN12_GLOBAL__N_1L8solutionEv
FN:167,main
FN:178,_Z41__static_initialization_and_destruction_0ii
FN:178,_GLOBAL__sub_I_main
FNDA:36,_ZN12_GLOBAL__N_111CoordinatesC2Ev
FNDA:28,_ZN12_GLOBAL__N_111CoordinatesC2Ett
FNDA:112,_ZN12_GLOBAL__N_1L9needVisitEmm
FNDA:92,_ZN12_GLOBAL__N_1L12canWeakVisitEmm
FNDA:1,_ZN12_GLOBAL__N_1L8solutionEv
FNDA:1,main
FNDA:1,_GLOBAL__sub_I_main
FNDA:1,_Z41__static_initialization_and_destruction_0ii
FNF:8
FNH:8
BRDA:95,0,0,107
BRDA:95,0,1,5
BRDA:95,1,2,100
BRDA:95,1,3,7
BRDA:95,2,4,92
BRDA:95,2,5,8
BRDA:95,3,6,85
BRDA:95,3,7,7
BRDA:95,4,8,66
BRDA:95,4,9,19
BRDA:95,5,10,46
BRDA:95,5,11,20
BRDA:103,0,0,87
BRDA:103,0,1,5
BRDA:103,1,2,80
BRDA:103,1,3,7
BRDA:103,2,4,72
BRDA:103,2,5,8
BRDA:103,3,6,65
BRDA:103,3,7,7
BRDA:103,4,8,19
BRDA:103,4,9,46
BRDA:103,5,10,12
BRDA:103,5,11,7
BRDA:113,0,0,2
BRDA:113,0,1,1
BRDA:114,0,0,1
BRDA:114,0,1,1
BRDA:116,1,2,36
BRDA:116,1,3,2
BRDA:117,2,0,8
BRDA:117,2,1,2
BRDA:118,2,0,36
BRDA:118,2,1,8
BRDA:120,2,0,8
BRDA:120,2,1,2
BRDA:122,1,0,36
BRDA:122,1,1,8
BRDA:124,9999,0,8
BRDA:124,9999,1,28
BRDA:130,1,0,28
BRDA:130,1,1,2
BRDA:132,0,1,9
BRDA:132,0,2,19
BRDA:135,0,1,0
BRDA:135,0,2,19
BRDA:138,0,1,2
BRDA:138,0,2,26
BRDA:141,0,1,0
BRDA:141,0,2,26
BRDA:144,0,1,6
BRDA:144,0,2,22
BRDA:147,0,1,1
BRDA:147,0,2,21
BRDA:150,0,1,3
BRDA:150,0,2,25
BRDA:153,0,1,6
BRDA:153,0,2,19
BRDA:157,1,0,8
BRDA:157,1,1,2
BRDA:158,1,0,36
BRDA:158,1,1,8
BRDA:178,1,1,1
BRDA:178,1,2,0
BRDA:178,2,3,1
BRDA:178,2,4,0
BRF:66
BRH:62
DA:84,36
DA:85,28
DA:93,112
DA:95,112
DA:96,151
DA:97,92
DA:98,112
DA:101,92
DA:103,92
DA:104,84
DA:105,85
DA:106,92
DA:109,1
DA:112,1
DA:113,3
DA:114,2
DA:115,2
DA:116,38
DA:117,10
DA:118,44
DA:119,36
DA:120,10
DA:121,8
DA:122,44
DA:123,36
DA:124,36
DA:125,8
DA:126,8
DA:130,30
DA:131,28
DA:132,28
DA:133,9
DA:134,9
DA:135,19
DA:136,0
DA:138,28
DA:139,2
DA:140,2
DA:141,26
DA:142,0
DA:144,28
DA:145,6
DA:146,6
DA:147,22
DA:148,1
DA:150,28
DA:151,3
DA:152,3
DA:153,25
DA:154,6
DA:157,10
DA:158,44
DA:159,36
DA:160,8
DA:163,1
DA:167,1
DA:169,1
DA:176,1
DA:177,1
DA:178,3
LF:60
LH:58
end_of_record
