TN:
SF:/usr/lib/gcc/x86_64-pc-linux-gnu/4.6.2/include/g++-v4/bits/allocator.h
FN:107,_ZNSaIcEC2Ev
FN:109,_ZNSaIcEC2ERKS_
FN:115,_ZNSaIcED2Ev
FNDA:0,_ZNSaIcEC2Ev
FNDA:0,_ZNSaIcEC2ERKS_
FNDA:0,_ZNSaIcED2Ev
FNF:3
FNH:0
DA:107,0
DA:109,0
DA:110,0
DA:115,0
LF:4
LH:0
end_of_record
SF:/usr/lib/gcc/x86_64-pc-linux-gnu/4.6.2/include/g++-v4/bits/basic_ios.h
FN:129,_ZNKSt9basic_iosIcSt11char_traitsIcEE7rdstateEv
FN:149,_ZNSt9basic_iosIcSt11char_traitsIcEE8setstateESt12_Ios_Iostate
FNDA:0,_ZNKSt9basic_iosIcSt11char_traitsIcEE7rdstateEv
FNDA:0,_ZNSt9basic_iosIcSt11char_traitsIcEE8setstateESt12_Ios_Iostate
FNF:2
FNH:0
DA:129,0
DA:130,0
DA:149,0
DA:150,0
LF:4
LH:0
end_of_record
SF:/usr/lib/gcc/x86_64-pc-linux-gnu/4.6.2/include/g++-v4/bits/basic_string.h
FN:176,_ZNSs4_Rep12_S_empty_repEv
FN:186,_ZNKSs4_Rep12_M_is_leakedEv
FN:217,_ZNSs4_Rep10_M_refdataEv
FN:232,_ZNSs4_Rep10_M_disposeERKSaIcE
FN:267,_ZNSs12_Alloc_hiderD2Ev
FN:269,_ZNSs12_Alloc_hiderC2EPcRKSaIcE
FN:287,_ZNKSs7_M_dataEv
FN:295,_ZNKSs6_M_repEv
FN:309,_ZNSs7_M_leakEv
FN:421,_ZNSs12_S_empty_repEv
FN:432,_ZNSsC2Ev
FN:533,_ZNSsD2Ev
FN:835,_ZNSsixEm
FN:1783,_ZNKSs13get_allocatorEv
FNDA:0,_ZNSs4_Rep12_S_empty_repEv
FNDA:0,_ZNKSs4_Rep12_M_is_leakedEv
FNDA:0,_ZNSs4_Rep10_M_refdataEv
FNDA:0,_ZNSs4_Rep10_M_disposeERKSaIcE
FNDA:0,_ZNSs12_Alloc_hiderD2Ev
FNDA:0,_ZNSs12_Alloc_hiderC2EPcRKSaIcE
FNDA:0,_ZNKSs7_M_dataEv
FNDA:0,_ZNKSs6_M_repEv
FNDA:0,_ZNSs7_M_leakEv
FNDA:0,_ZNSs12_S_empty_repEv
FNDA:0,_ZNSsC2Ev
FNDA:0,_ZNSsD2Ev
FNDA:0,_ZNSsixEm
FNDA:0,_ZNKSs13get_allocatorEv
FNF:14
FNH:0
BRDA:235,0,1,-
BRDA:235,0,2,-
BRDA:240,0,1,-
BRDA:240,0,2,-
BRDA:311,0,2,-
BRDA:311,0,3,-
BRDA:434,0,1,-
BRDA:434,0,2,-
BRDA:434,1,5,-
BRDA:434,1,6,-
BRDA:534,0,0,-
BRDA:534,0,1,-
BRDA:534,1,3,-
BRDA:534,1,4,-
BRDA:534,2,6,-
BRDA:534,2,7,-
BRF:16
BRH:0
DA:176,0
DA:181,0
DA:182,0
DA:186,0
DA:187,0
DA:217,0
DA:218,0
DA:232,0
DA:235,0
DA:240,0
DA:244,0
DA:247,0
DA:267,0
DA:269,0
DA:270,0
DA:287,0
DA:288,0
DA:295,0
DA:296,0
DA:309,0
DA:311,0
DA:312,0
DA:313,0
DA:421,0
DA:422,0
DA:432,0
DA:434,0
DA:533,0
DA:534,0
DA:835,0
DA:841,0
DA:842,0
DA:1783,0
DA:1784,0
LF:34
LH:0
end_of_record
SF:/usr/lib/gcc/x86_64-pc-linux-gnu/4.6.2/include/g++-v4/bits/char_traits.h
FN:260,_ZNSt11char_traitsIcE6lengthEPKc
FNDA:0,_ZNSt11char_traitsIcE6lengthEPKc
FNF:1
FNH:0
DA:260,0
DA:261,0
LF:2
LH:0
end_of_record
SF:/usr/lib/gcc/x86_64-pc-linux-gnu/4.6.2/include/g++-v4/bits/ios_base.h
FN:159,_ZStorSt12_Ios_IostateS_
FNDA:0,_ZStorSt12_Ios_IostateS_
FNF:1
FNH:0
DA:159,0
DA:160,0
LF:2
LH:0
end_of_record
SF:/usr/lib/gcc/x86_64-pc-linux-gnu/4.6.2/include/g++-v4/bits/locale_facets.h
FN:1076,_ZNKSt5ctypeIcE8do_widenEc
FN:1099,_ZNKSt5ctypeIcE8do_widenEPKcS2_Pc
FN:1125,_ZNKSt5ctypeIcE9do_narrowEcc
FN:1151,_ZNKSt5ctypeIcE9do_narrowEPKcS2_cPc
FNDA:0,_ZNKSt5ctypeIcE8do_widenEc
FNDA:0,_ZNKSt5ctypeIcE8do_widenEPKcS2_Pc
FNDA:0,_ZNKSt5ctypeIcE9do_narrowEcc
FNDA:0,_ZNKSt5ctypeIcE9do_narrowEPKcS2_cPc
FNF:4
FNH:0
DA:1076,0
DA:1077,0
DA:1099,0
DA:1101,0
DA:1102,0
DA:1125,0
DA:1126,0
DA:1151,0
DA:1154,0
DA:1155,0
LF:10
LH:0
end_of_record
SF:/usr/lib/gcc/x86_64-pc-linux-gnu/4.6.2/include/g++-v4/ext/atomicity.h
FN:47,_ZN9__gnu_cxxL18__exchange_and_addEPVii
FN:64,_ZN9__gnu_cxxL25__exchange_and_add_singleEPii
FN:77,_ZN9__gnu_cxxL27__exchange_and_add_dispatchEPii
FNDA:0,_ZN9__gnu_cxxL18__exchange_and_addEPVii
FNDA:0,_ZN9__gnu_cxxL25__exchange_and_add_singleEPii
FNDA:0,_ZN9__gnu_cxxL27__exchange_and_add_dispatchEPii
FNF:3
FNH:0
BRDA:80,0,1,-
BRDA:80,0,2,-
BRF:2
BRH:0
DA:47,0
DA:48,0
DA:64,0
DA:66,0
DA:67,0
DA:68,0
DA:77,0
DA:80,0
DA:81,0
DA:83,0
LF:10
LH:0
end_of_record
SF:/usr/lib/gcc/x86_64-pc-linux-gnu/4.6.2/include/g++-v4/ext/new_allocator.h
FN:69,_ZN9__gnu_cxx13new_allocatorIcEC2Ev
FN:71,_ZN9__gnu_cxx13new_allocatorIcEC2ERKS1_
FN:76,_ZN9__gnu_cxx13new_allocatorIcED2Ev
FNDA:0,_ZN9__gnu_cxx13new_allocatorIcEC2Ev
FNDA:0,_ZN9__gnu_cxx13new_allocatorIcEC2ERKS1_
FNDA:0,_ZN9__gnu_cxx13new_allocatorIcED2Ev
FNF:3
FNH:0
DA:69,0
DA:71,0
DA:76,0
LF:3
LH:0
end_of_record
SF:/usr/lib/gcc/x86_64-pc-linux-gnu/4.6.2/include/g++-v4/iostream
DA:75,1
LF:1
LH:1
end_of_record
SF:/usr/lib/gcc/x86_64-pc-linux-gnu/4.6.2/include/g++-v4/istream
FN:191,_ZNSirsERm
FNDA:0,_ZNSirsERm
FNF:1
FNH:0
DA:191,0
DA:192,0
LF:2
LH:0
end_of_record
SF:/usr/lib/gcc/x86_64-pc-linux-gnu/4.6.2/include/g++-v4/ostream
FN:171,_ZNSolsEm
FN:462,_ZStlsISt11char_traitsIcEERSt13basic_ostreamIcT_ES5_c
FN:510,_ZStlsISt11char_traitsIcEERSt13basic_ostreamIcT_ES5_PKc
FNDA:0,_ZNSolsEm
FNDA:0,_ZStlsISt11char_traitsIcEERSt13basic_ostreamIcT_ES5_c
FNDA:0,_ZStlsISt11char_traitsIcEERSt13basic_ostreamIcT_ES5_PKc
FNF:3
FNH:0
BRDA:512,0,0,-
BRDA:512,0,1,-
BRF:2
BRH:0
DA:171,0
DA:172,0
DA:462,0
DA:463,0
DA:510,0
DA:512,0
DA:513,0
DA:515,0
DA:517,0
LF:9
LH:0
end_of_record
SF:/usr/lib/gcc/x86_64-pc-linux-gnu/4.6.2/include/g++-v4/x86_64-pc-linux-gnu/bits/gthr-default.h
FN:240,_ZL18__gthread_active_pv
FNDA:0,_ZL18__gthread_active_pv
FNF:1
FNH:0
DA:240,0
DA:252,0
LF:2
LH:0
end_of_record
SF:/home/evil/Studia/Przedmioty/MP/K/coverage/satori.cxx
FN:86,_ZN12_GLOBAL__N_14EdgeC2EmbPS0_
FN:89,_ZN12_GLOBAL__N_14EdgeD2Ev
FN:104,_ZN12_GLOBAL__N_14NodeC2Ev
FN:106,_ZN12_GLOBAL__N_14NodeD2Ev
FN:113,_ZN12_GLOBAL__N_1L9travelsarEt
FN:144,_ZN12_GLOBAL__N_1L8solutionEv
FN:175,main
FN:186,_Z41__static_initialization_and_destruction_0ii
FN:186,_GLOBAL__sub_I_main
FNDA:8,_ZN12_GLOBAL__N_14EdgeC2EmbPS0_
FNDA:8,_ZN12_GLOBAL__N_14EdgeD2Ev
FNDA:5,_ZN12_GLOBAL__N_14NodeC2Ev
FNDA:5,_ZN12_GLOBAL__N_14NodeD2Ev
FNDA:4,_ZN12_GLOBAL__N_1L9travelsarEt
FNDA:1,_ZN12_GLOBAL__N_1L8solutionEv
FNDA:1,main
FNDA:1,_GLOBAL__sub_I_main
FNDA:1,_Z41__static_initialization_and_destruction_0ii
FNF:9
FNH:9
BRDA:90,1,0,4
BRDA:90,1,1,8
BRDA:92,0,0,4
BRDA:92,0,1,0
BRDA:107,0,0,4
BRDA:107,0,1,1
BRDA:116,2,0,8
BRDA:116,2,1,4
BRDA:117,0,0,4
BRDA:117,0,1,4
BRDA:118,0,0,1
BRDA:118,0,1,3
BRDA:120,0,1,0
BRDA:120,0,2,1
BRDA:124,0,0,0
BRDA:124,0,1,3
BRDA:129,0,0,2
BRDA:129,0,1,2
BRDA:131,0,1,0
BRDA:131,0,2,2
BRDA:135,0,0,0
BRDA:135,0,1,2
BRDA:148,0,0,1
BRDA:148,0,1,1
BRDA:152,1,2,5
BRDA:152,1,3,1
BRDA:153,1,0,4
BRDA:153,1,1,1
BRDA:156,9999,0,4
BRDA:156,9999,1,0
BRDA:156,0,3,4
BRDA:156,0,4,0
BRDA:156,1,6,4
BRDA:156,1,7,0
BRDA:157,0,0,4
BRDA:157,0,1,0
BRDA:157,1,3,4
BRDA:157,1,4,0
BRDA:158,9999,0,4
BRDA:158,9999,1,0
BRDA:158,0,3,4
BRDA:158,0,4,0
BRDA:160,0,1,1
BRDA:160,0,2,0
BRDA:161,2,0,4
BRDA:161,2,1,1
BRDA:162,0,0,2
BRDA:162,0,1,2
BRDA:169,0,0,1
BRDA:169,0,1,0
BRDA:169,2,2,5
BRDA:169,2,3,1
BRDA:186,1,1,1
BRDA:186,1,2,0
BRDA:186,2,3,1
BRDA:186,2,4,0
BRF:56
BRH:40
DA:86,8
DA:87,8
DA:89,8
DA:90,12
DA:91,4
DA:92,4
DA:93,4
DA:95,8
DA:104,5
DA:106,5
DA:107,5
DA:108,5
DA:113,4
DA:115,4
DA:116,12
DA:117,8
DA:118,4
DA:119,1
DA:120,1
DA:121,0
DA:124,3
DA:125,0
DA:129,4
DA:130,2
DA:131,2
DA:132,0
DA:135,2
DA:136,0
DA:141,4
DA:144,1
DA:147,1
DA:148,2
DA:151,1
DA:152,6
DA:153,5
DA:155,8
DA:156,4
DA:157,4
DA:158,4
DA:160,1
DA:161,5
DA:162,4
DA:163,2
DA:167,0
DA:169,6
DA:171,1
DA:175,1
DA:177,1
DA:184,1
DA:185,1
DA:186,3
LF:51
LH:46
end_of_record
