TN:
SF:/usr/lib/gcc/x86_64-pc-linux-gnu/4.6.3/include/g++-v4/bits/locale_facets.h
FN:1076,_ZNKSt5ctypeIcE8do_widenEc
FN:1099,_ZNKSt5ctypeIcE8do_widenEPKcS2_Pc
FN:1125,_ZNKSt5ctypeIcE9do_narrowEcc
FN:1151,_ZNKSt5ctypeIcE9do_narrowEPKcS2_cPc
FNDA:0,_ZNKSt5ctypeIcE8do_widenEc
FNDA:0,_ZNKSt5ctypeIcE8do_widenEPKcS2_Pc
FNDA:0,_ZNKSt5ctypeIcE9do_narrowEcc
FNDA:0,_ZNKSt5ctypeIcE9do_narrowEPKcS2_cPc
FNF:4
FNH:0
DA:1076,0
DA:1077,0
DA:1099,0
DA:1101,0
DA:1102,0
DA:1125,0
DA:1126,0
DA:1151,0
DA:1154,0
DA:1155,0
LF:10
LH:0
end_of_record
SF:/usr/lib/gcc/x86_64-pc-linux-gnu/4.6.3/include/g++-v4/bits/stl_algobase.h
FN:210,_ZSt3maxIjERKT_S2_S2_
FNDA:4551000,_ZSt3maxIjERKT_S2_S2_
FNF:1
FNH:1
BRDA:215,0,0,183
BRDA:215,0,1,4550817
BRF:2
BRH:2
DA:210,4551000
DA:215,4551000
DA:216,183
DA:217,4551000
LF:4
LH:4
end_of_record
SF:/usr/lib/gcc/x86_64-pc-linux-gnu/4.6.3/include/g++-v4/bits/stl_pair.h
FN:99,_ZNSt4pairIttEC2Ev
FN:103,_ZNSt4pairIttEC2ERKtS2_
FN:103,_ZNSt4pairItiEC2ERKtRKi
FN:103,_ZNSt4pairIitEC2ERKiRKt
FN:108,_ZNSt4pairIttEC2IitEERKS_IT_T0_E
FN:108,_ZNSt4pairIttEC2ItiEERKS_IT_T0_E
FN:272,_ZSt9make_pairIitESt4pairIT_T0_ES1_S2_
FN:272,_ZSt9make_pairItiESt4pairIT_T0_ES1_S2_
FNDA:6260004,_ZNSt4pairIttEC2Ev
FNDA:3102723,_ZNSt4pairItiEC2ERKtRKi
FNDA:3102194,_ZNSt4pairIitEC2ERKiRKt
FNDA:1,_ZNSt4pairIttEC2ERKtS2_
FNDA:3102723,_ZNSt4pairIttEC2ItiEERKS_IT_T0_E
FNDA:3102194,_ZNSt4pairIttEC2IitEERKS_IT_T0_E
FNDA:3102723,_ZSt9make_pairItiESt4pairIT_T0_ES1_S2_
FNDA:3102194,_ZSt9make_pairIitESt4pairIT_T0_ES1_S2_
FNF:8
FNH:8
DA:99,6260004
DA:100,6260004
DA:103,6204918
DA:104,6204918
DA:108,6204917
DA:109,6204917
DA:272,6204917
DA:273,6204917
LF:8
LH:8
end_of_record
SF:/usr/lib/gcc/x86_64-pc-linux-gnu/4.6.3/include/g++-v4/iostream
DA:75,1
LF:1
LH:1
end_of_record
SF:/usr/lib/gcc/x86_64-pc-linux-gnu/4.6.3/include/g++-v4/istream
FN:183,_ZNSirsERj
FN:191,_ZNSirsERm
FNDA:0,_ZNSirsERj
FNDA:0,_ZNSirsERm
FNF:2
FNH:0
DA:183,0
DA:184,0
DA:191,0
DA:192,0
LF:4
LH:0
end_of_record
SF:/usr/lib/gcc/x86_64-pc-linux-gnu/4.6.3/include/g++-v4/limits
FN:1064,_ZNSt14numeric_limitsIjE3maxEv
FNDA:5000,_ZNSt14numeric_limitsIjE3maxEv
FNF:1
FNH:1
DA:1064,5000
LF:1
LH:1
end_of_record
SF:/usr/lib/gcc/x86_64-pc-linux-gnu/4.6.3/include/g++-v4/ostream
FN:193,_ZNSolsEj
FN:462,_ZStlsISt11char_traitsIcEERSt13basic_ostreamIcT_ES5_c
FNDA:0,_ZNSolsEj
FNDA:0,_ZStlsISt11char_traitsIcEERSt13basic_ostreamIcT_ES5_c
FNF:2
FNH:0
DA:193,0
DA:197,0
DA:462,0
DA:463,0
LF:4
LH:0
end_of_record
SF:/home/evil/Studia/Przedmioty/MP/O/coverage/satori.cxx
FN:175,_ZN12_GLOBAL__N_14HeapISt4pairIttENS_10ComparatorEEC2EmS3_
FN:177,_ZN12_GLOBAL__N_14HeapISt4pairIttENS_10ComparatorEED2Ev
FN:182,_ZNK12_GLOBAL__N_14HeapISt4pairIttENS_10ComparatorEE3topEv
FN:186,_ZNK12_GLOBAL__N_14HeapISt4pairIttENS_10ComparatorEE7isEmptyEv
FN:203,_ZN12_GLOBAL__N_14HeapISt4pairIttENS_10ComparatorEE4pushERKS2_
FN:217,_ZN12_GLOBAL__N_14HeapISt4pairIttENS_10ComparatorEE3popEv
FN:232,_ZN12_GLOBAL__N_14HeapISt4pairIttENS_10ComparatorEE6resizeEm
FN:244,_ZN12_GLOBAL__N_14HeapISt4pairIttENS_10ComparatorEE6upheapEm
FN:261,_ZN12_GLOBAL__N_14HeapISt4pairIttENS_10ComparatorEE8downheapEm
FN:292,_ZNK12_GLOBAL__N_110ComparatorclERKSt4pairIttES4_
FN:298,_ZN12_GLOBAL__N_1L8solutionEv
FN:356,main
FN:367,_Z41__static_initialization_and_destruction_0ii
FN:367,_GLOBAL__sub_I_main
FNDA:1,_ZN12_GLOBAL__N_14HeapISt4pairIttENS_10ComparatorEEC2EmS3_
FNDA:1,_ZN12_GLOBAL__N_14HeapISt4pairIttENS_10ComparatorEED2Ev
FNDA:4551000,_ZNK12_GLOBAL__N_14HeapISt4pairIttENS_10ComparatorEE3topEv
FNDA:4551000,_ZNK12_GLOBAL__N_14HeapISt4pairIttENS_10ComparatorEE7isEmptyEv
FNDA:6204918,_ZN12_GLOBAL__N_14HeapISt4pairIttENS_10ComparatorEE4pushERKS2_
FNDA:4551000,_ZN12_GLOBAL__N_14HeapISt4pairIttENS_10ComparatorEE3popEv
FNDA:0,_ZN12_GLOBAL__N_14HeapISt4pairIttENS_10ComparatorEE6resizeEm
FNDA:6204918,_ZN12_GLOBAL__N_14HeapISt4pairIttENS_10ComparatorEE6upheapEm
FNDA:4550999,_ZN12_GLOBAL__N_14HeapISt4pairIttENS_10ComparatorEE8downheapEm
FNDA:246702274,_ZNK12_GLOBAL__N_110ComparatorclERKSt4pairIttES4_
FNDA:1,_ZN12_GLOBAL__N_1L8solutionEv
FNDA:1,main
FNDA:1,_GLOBAL__sub_I_main
FNDA:1,_Z41__static_initialization_and_destruction_0ii
FNF:14
FNH:13
BRDA:176,2,2,6260004
BRDA:176,2,3,1
BRDA:178,0,0,1
BRDA:178,0,1,0
BRDA:205,0,0,0
BRDA:205,0,1,6204918
BRDA:208,0,0,0
BRDA:208,0,1,6204918
BRDA:221,9999,0,4550999
BRDA:221,9999,1,1
BRDA:234,2,2,-
BRDA:234,2,3,-
BRDA:235,2,0,-
BRDA:235,2,1,-
BRDA:238,0,0,-
BRDA:238,0,1,-
BRDA:246,0,0,2
BRDA:246,0,1,6204916
BRDA:249,0,1,1512016
BRDA:249,0,2,4692900
BRDA:253,1,0,69882987
BRDA:253,1,1,2332249
BRDA:253,2,3,67522336
BRDA:253,2,4,2360651
BRDA:253,5,5,67522336
BRDA:253,5,6,4692900
BRDA:263,0,0,0
BRDA:263,0,1,4550999
BRDA:267,1,0,85786250
BRDA:267,1,1,2768090
BRDA:269,0,0,84828121
BRDA:269,0,1,958129
BRDA:269,1,3,42279334
BRDA:269,1,4,42548787
BRDA:269,4,5,42279334
BRDA:269,4,6,43506916
BRDA:273,0,1,1782909
BRDA:273,0,2,84003341
BRDA:304,0,0,1
BRDA:304,0,1,1
BRDA:306,0,0,2500
BRDA:306,0,1,1
BRDA:309,1,0,2500
BRDA:309,1,1,1
BRDA:312,2,0,2500
BRDA:312,2,1,1
BRDA:313,1,0,6250000
BRDA:313,1,1,2500
BRDA:317,2,0,2500
BRDA:317,2,1,1
BRDA:318,2,0,6250000
BRDA:318,2,1,2500
BRDA:325,9999,1,1
BRDA:325,9999,2,0
BRDA:327,1,1,4551000
BRDA:327,1,2,0
BRDA:328,0,0,4551000
BRDA:328,0,1,0
BRDA:330,9999,0,1812
BRDA:330,9999,1,4549188
BRDA:330,0,2,1
BRDA:330,0,3,1811
BRDA:333,0,0,1556665
BRDA:333,0,1,2994334
BRDA:334,0,0,1556665
BRDA:334,0,1,0
BRDA:334,1,4,1556665
BRDA:334,1,5,0
BRDA:337,0,0,1545529
BRDA:337,0,1,3005470
BRDA:338,0,0,1545529
BRDA:338,0,1,0
BRDA:338,1,4,1545529
BRDA:338,1,5,0
BRDA:341,0,0,1557339
BRDA:341,0,1,2993660
BRDA:342,0,0,1557339
BRDA:342,0,1,0
BRDA:342,1,4,1557339
BRDA:342,1,5,0
BRDA:345,0,0,1545384
BRDA:345,0,1,3005615
BRDA:346,0,0,1545384
BRDA:346,0,1,0
BRDA:346,1,4,1545384
BRDA:346,1,5,0
BRDA:350,0,0,1
BRDA:350,0,1,0
BRDA:350,1,3,1
BRDA:350,1,4,0
BRDA:367,1,1,1
BRDA:367,1,2,0
BRDA:367,2,3,1
BRDA:367,2,4,0
BRF:94
BRH:69
DA:175,1
DA:176,6260005
DA:177,1
DA:178,1
DA:179,1
DA:182,4551000
DA:183,4551000
DA:186,4551000
DA:187,4551000
DA:203,6204918
DA:205,6204918
DA:206,0
DA:208,6204918
DA:209,0
DA:211,6204918
DA:212,6204918
DA:213,6204918
DA:214,6204918
DA:217,4551000
DA:219,4551000
DA:220,4551000
DA:221,4551000
DA:222,4550999
DA:223,4550999
DA:228,4551000
DA:232,0
DA:234,0
DA:235,0
DA:236,0
DA:238,0
DA:239,0
DA:240,0
DA:241,0
DA:244,6204918
DA:246,6204918
DA:247,2
DA:249,6204916
DA:250,1512016
DA:252,4692900
DA:253,72215236
DA:254,67522336
DA:255,67522336
DA:257,6204918
DA:261,4550999
DA:263,4550999
DA:264,4550999
DA:266,4550999
DA:267,88554340
DA:268,85786250
DA:269,85786250
DA:271,42279334
DA:273,85786250
DA:274,1782909
DA:276,84003341
DA:277,84003341
DA:280,4550999
DA:292,246702274
DA:294,246702274
DA:298,1
DA:303,1
DA:304,2
DA:305,1
DA:306,2501
DA:307,2500
DA:309,2501
DA:310,2500
DA:312,2501
DA:313,6252500
DA:314,6250000
DA:317,2501
DA:318,6252500
DA:319,6250000
DA:322,1
DA:323,1
DA:324,1
DA:325,1
DA:326,1
DA:327,4551000
DA:328,4551000
DA:329,4551000
DA:330,4551000
DA:331,1
DA:333,4550999
DA:334,1556665
DA:335,1556665
DA:337,4550999
DA:338,1545529
DA:339,1545529
DA:341,4550999
DA:342,1557339
DA:343,1557339
DA:345,4550999
DA:346,1545384
DA:347,1545384
DA:350,1
DA:351,1
DA:352,1
DA:356,1
DA:358,1
DA:365,1
DA:366,1
DA:367,3
LF:102
LH:92
end_of_record
